INFO:sim:172 - Generating IP...
Resolving generics for 'mem'...
Applying external generics to 'mem'...
Delivering associated files for 'mem'...
Delivering EJava files for 'mem'...
Generating implementation netlist for 'mem'...
INFO:sim - Pre-processing HDL files for 'mem'...
Running synthesis for 'mem'
Running ngcbuild...
Writing VEO instantiation template for 'mem'...
Writing Verilog behavioral simulation model for 'mem'...
WARNING:sim - Overwriting existing file
   /home/marcos/pipeline-ac/pipeline/ipcore_dir/tmp/_cg/mem/doc/blk_mem_gen_v7_3
   _vinfo.html with file from view xilinx_documentation
Delivered 1 file into directory
/home/marcos/pipeline-ac/pipeline/ipcore_dir/tmp/_cg/mem
Generating ASY schematic symbol...
INFO:sim:949 - Finished generation of ASY schematic symbol.
Generating SYM schematic symbol for 'mem'...
Generating metadata file...
Regenerating ISE project file for 'mem'...
Generating ISE project...
XCO file found: mem.xco
XMDF file found: mem_xmdf.tcl
Adding /home/marcos/pipeline-ac/pipeline/ipcore_dir/tmp/_cg/mem.asy -view all
-origin_type imported
Adding /home/marcos/pipeline-ac/pipeline/ipcore_dir/tmp/_cg/mem.ngc -view all
-origin_type created
WARNING: es_AR:es is not supported as a language.  Using usenglish.
Checking file "/home/marcos/pipeline-ac/pipeline/ipcore_dir/tmp/_cg/mem.ngc" for
project device match ...
File "/home/marcos/pipeline-ac/pipeline/ipcore_dir/tmp/_cg/mem.ngc" device
information matches project device.
Adding /home/marcos/pipeline-ac/pipeline/ipcore_dir/tmp/_cg/mem.sym -view all
-origin_type imported
Adding /home/marcos/pipeline-ac/pipeline/ipcore_dir/tmp/_cg/mem.v -view all
-origin_type created
INFO:HDLCompiler:1845 - Analyzing Verilog file
   "/home/marcos/pipeline-ac/pipeline/ipcore_dir/tmp/_cg/mem.v" into library
   work
INFO:ProjectMgmt - Parsing design hierarchy completed successfully.
Adding /home/marcos/pipeline-ac/pipeline/ipcore_dir/tmp/_cg/mem.veo -view all
-origin_type imported
INFO:TclTasksC:2116 - The automatic calculation of top has been turned-off.
   Please set the new top explicitly by running the "project set top" command.
   To re-calculate the new top automatically, set the "Auto Implementation Top"
   property to true.
Top level has been set to "/mem"
Generating README file...
Generating FLIST file...
INFO:sim:948 - Finished FLIST file generation.
Launching README viewer...
Moving files to output directory...
Finished moving files to output directory
Wrote CGP file for project 'mem'.
